{"/home/julian/code/clean-architecture-node/src/entities/User.ts": {"path":"/home/julian/code/clean-architecture-node/src/entities/User.ts","statementMap":{"0":{"start":{"line":1,"column":0},"end":{"line":1,"column":25}},"1":{"start":{"line":19,"column":2},"end":{"line":19,"column":null}},"2":{"start":{"line":20,"column":2},"end":{"line":20,"column":null}},"3":{"start":{"line":21,"column":2},"end":{"line":21,"column":null}},"4":{"start":{"line":22,"column":2},"end":{"line":22,"column":null}},"5":{"start":{"line":23,"column":2},"end":{"line":23,"column":null}},"6":{"start":{"line":24,"column":2},"end":{"line":24,"column":null}},"7":{"start":{"line":28,"column":2},"end":{"line":30,"column":null}},"8":{"start":{"line":29,"column":3},"end":{"line":29,"column":null}},"9":{"start":{"line":31,"column":2},"end":{"line":33,"column":null}},"10":{"start":{"line":32,"column":3},"end":{"line":32,"column":null}},"11":{"start":{"line":34,"column":2},"end":{"line":36,"column":null}},"12":{"start":{"line":35,"column":3},"end":{"line":35,"column":null}},"13":{"start":{"line":37,"column":2},"end":{"line":37,"column":null}},"14":{"start":{"line":41,"column":2},"end":{"line":41,"column":null}},"15":{"start":{"line":45,"column":2},"end":{"line":45,"column":null}},"16":{"start":{"line":49,"column":2},"end":{"line":49,"column":null}},"17":{"start":{"line":53,"column":2},"end":{"line":53,"column":null}},"18":{"start":{"line":57,"column":2},"end":{"line":57,"column":null}},"19":{"start":{"line":61,"column":2},"end":{"line":61,"column":null}},"20":{"start":{"line":65,"column":2},"end":{"line":65,"column":null}},"21":{"start":{"line":69,"column":2},"end":{"line":69,"column":null}},"22":{"start":{"line":73,"column":2},"end":{"line":73,"column":null}},"23":{"start":{"line":77,"column":2},"end":{"line":77,"column":null}},"24":{"start":{"line":81,"column":2},"end":{"line":81,"column":null}},"25":{"start":{"line":3,"column":0},"end":{"line":3,"column":13}},"26":{"start":{"line":85,"column":0},"end":{"line":85,"column":null}},"27":{"start":{"line":86,"column":1},"end":{"line":86,"column":null}},"28":{"start":{"line":87,"column":1},"end":{"line":87,"column":null}},"29":{"start":{"line":88,"column":1},"end":{"line":88,"column":null}}},"fnMap":{"0":{"name":"(anonymous_0)","decl":{"start":{"line":11,"column":1},"end":{"line":11,"column":13}},"loc":{"start":{"line":18,"column":8},"end":{"line":25,"column":2}}},"1":{"name":"(anonymous_1)","decl":{"start":{"line":27,"column":1},"end":{"line":27,"column":12}},"loc":{"start":{"line":27,"column":20},"end":{"line":38,"column":2}}},"2":{"name":"(anonymous_2)","decl":{"start":{"line":40,"column":8},"end":{"line":40,"column":13}},"loc":{"start":{"line":40,"column":13},"end":{"line":42,"column":2}}},"3":{"name":"(anonymous_3)","decl":{"start":{"line":44,"column":8},"end":{"line":44,"column":20}},"loc":{"start":{"line":44,"column":20},"end":{"line":46,"column":2}}},"4":{"name":"(anonymous_4)","decl":{"start":{"line":48,"column":8},"end":{"line":48,"column":19}},"loc":{"start":{"line":48,"column":19},"end":{"line":50,"column":2}}},"5":{"name":"(anonymous_5)","decl":{"start":{"line":52,"column":8},"end":{"line":52,"column":17}},"loc":{"start":{"line":52,"column":17},"end":{"line":54,"column":2}}},"6":{"name":"(anonymous_6)","decl":{"start":{"line":56,"column":8},"end":{"line":56,"column":16}},"loc":{"start":{"line":56,"column":16},"end":{"line":58,"column":2}}},"7":{"name":"(anonymous_7)","decl":{"start":{"line":60,"column":8},"end":{"line":60,"column":15}},"loc":{"start":{"line":60,"column":15},"end":{"line":62,"column":2}}},"8":{"name":"(anonymous_8)","decl":{"start":{"line":64,"column":8},"end":{"line":64,"column":20}},"loc":{"start":{"line":64,"column":50},"end":{"line":66,"column":2}}},"9":{"name":"(anonymous_9)","decl":{"start":{"line":68,"column":8},"end":{"line":68,"column":19}},"loc":{"start":{"line":68,"column":48},"end":{"line":70,"column":2}}},"10":{"name":"(anonymous_10)","decl":{"start":{"line":72,"column":8},"end":{"line":72,"column":17}},"loc":{"start":{"line":72,"column":45},"end":{"line":74,"column":2}}},"11":{"name":"(anonymous_11)","decl":{"start":{"line":76,"column":8},"end":{"line":76,"column":16}},"loc":{"start":{"line":76,"column":30},"end":{"line":78,"column":2}}},"12":{"name":"(anonymous_12)","decl":{"start":{"line":80,"column":8},"end":{"line":80,"column":15}},"loc":{"start":{"line":80,"column":57},"end":{"line":82,"column":2}}},"13":{"name":"(anonymous_13)","decl":{"start":{"line":85,"column":0},"end":{"line":85,"column":12}},"loc":{"start":{"line":85,"column":19},"end":{"line":89,"column":1}}}},"branchMap":{"0":{"loc":{"start":{"line":13,"column":2},"end":{"line":13,"column":16}},"type":"default-arg","locations":[{"start":{"line":13,"column":14},"end":{"line":13,"column":16}}]},"1":{"loc":{"start":{"line":14,"column":2},"end":{"line":14,"column":15}},"type":"default-arg","locations":[{"start":{"line":14,"column":13},"end":{"line":14,"column":15}}]},"2":{"loc":{"start":{"line":15,"column":2},"end":{"line":15,"column":32}},"type":"default-arg","locations":[{"start":{"line":15,"column":11},"end":{"line":15,"column":32}}]},"3":{"loc":{"start":{"line":17,"column":2},"end":{"line":17,"column":18}},"type":"default-arg","locations":[{"start":{"line":17,"column":9},"end":{"line":17,"column":18}}]},"4":{"loc":{"start":{"line":19,"column":12},"end":{"line":19,"column":22}},"type":"binary-expr","locations":[{"start":{"line":19,"column":12},"end":{"line":19,"column":14}},{"start":{"line":19,"column":18},"end":{"line":19,"column":22}}]},"5":{"loc":{"start":{"line":28,"column":2},"end":{"line":30,"column":null}},"type":"if","locations":[{"start":{"line":28,"column":2},"end":{"line":30,"column":null}}]},"6":{"loc":{"start":{"line":28,"column":6},"end":{"line":28,"column":51}},"type":"binary-expr","locations":[{"start":{"line":28,"column":6},"end":{"line":28,"column":27}},{"start":{"line":28,"column":31},"end":{"line":28,"column":51}}]},"7":{"loc":{"start":{"line":31,"column":2},"end":{"line":33,"column":null}},"type":"if","locations":[{"start":{"line":31,"column":2},"end":{"line":33,"column":null}}]},"8":{"loc":{"start":{"line":34,"column":2},"end":{"line":36,"column":null}},"type":"if","locations":[{"start":{"line":34,"column":2},"end":{"line":36,"column":null}}]},"9":{"loc":{"start":{"line":65,"column":19},"end":{"line":65,"column":34}},"type":"binary-expr","locations":[{"start":{"line":65,"column":19},"end":{"line":65,"column":28}},{"start":{"line":65,"column":32},"end":{"line":65,"column":34}}]},"10":{"loc":{"start":{"line":69,"column":18},"end":{"line":69,"column":32}},"type":"binary-expr","locations":[{"start":{"line":69,"column":18},"end":{"line":69,"column":26}},{"start":{"line":69,"column":30},"end":{"line":69,"column":32}}]},"11":{"loc":{"start":{"line":85,"column":12},"end":{"line":85,"column":null}},"type":"binary-expr","locations":[{"start":{"line":85,"column":12},"end":{"line":85,"column":19}},{"start":{"line":85,"column":19},"end":{"line":85,"column":null}}]}},"s":{"0":1,"1":0,"2":0,"3":0,"4":0,"5":0,"6":0,"7":0,"8":0,"9":0,"10":0,"11":0,"12":0,"13":0,"14":0,"15":0,"16":0,"17":0,"18":0,"19":0,"20":0,"21":0,"22":0,"23":0,"24":0,"25":1,"26":1,"27":1,"28":1,"29":1},"f":{"0":0,"1":0,"2":0,"3":0,"4":0,"5":0,"6":0,"7":0,"8":0,"9":0,"10":0,"11":0,"12":0,"13":1},"b":{"0":[0],"1":[0],"2":[0],"3":[0],"4":[0,0],"5":[0],"6":[0,0],"7":[0],"8":[0],"9":[0,0],"10":[0,0],"11":[1,1]}}
,"/home/julian/code/clean-architecture-node/src/frameworks/database/inMemory.ts": {"path":"/home/julian/code/clean-architecture-node/src/frameworks/database/inMemory.ts","statementMap":{"0":{"start":{"line":17,"column":2},"end":{"line":17,"column":null}},"1":{"start":{"line":18,"column":2},"end":{"line":18,"column":null}},"2":{"start":{"line":19,"column":2},"end":{"line":19,"column":null}},"3":{"start":{"line":23,"column":13},"end":{"line":23,"column":null}}},"fnMap":{"0":{"name":"(anonymous_0)","decl":{"start":{"line":16,"column":1},"end":{"line":16,"column":13}},"loc":{"start":{"line":16,"column":51},"end":{"line":20,"column":2}}}},"branchMap":{"0":{"loc":{"start":{"line":16,"column":13},"end":{"line":16,"column":23}},"type":"default-arg","locations":[{"start":{"line":16,"column":21},"end":{"line":16,"column":23}}]},"1":{"loc":{"start":{"line":16,"column":25},"end":{"line":16,"column":38}},"type":"default-arg","locations":[{"start":{"line":16,"column":36},"end":{"line":16,"column":38}}]},"2":{"loc":{"start":{"line":16,"column":40},"end":{"line":16,"column":51}},"type":"default-arg","locations":[{"start":{"line":16,"column":49},"end":{"line":16,"column":51}}]}},"s":{"0":3,"1":3,"2":3,"3":3},"f":{"0":3},"b":{"0":[3],"1":[3],"2":[3]}}
,"/home/julian/code/clean-architecture-node/src/frameworks/repositories/inMemory/orders.repo.ts": {"path":"/home/julian/code/clean-architecture-node/src/frameworks/repositories/inMemory/orders.repo.ts","statementMap":{"0":{"start":{"line":2,"column":0},"end":{"line":2,"column":77}},"1":{"start":{"line":8,"column":2},"end":{"line":8,"column":null}},"2":{"start":{"line":12,"column":2},"end":{"line":12,"column":null}},"3":{"start":{"line":13,"column":2},"end":{"line":13,"column":null}},"4":{"start":{"line":17,"column":16},"end":{"line":17,"column":84}},"5":{"start":{"line":17,"column":60},"end":{"line":17,"column":83}},"6":{"start":{"line":18,"column":2},"end":{"line":21,"column":null}},"7":{"start":{"line":19,"column":3},"end":{"line":19,"column":null}},"8":{"start":{"line":20,"column":3},"end":{"line":20,"column":null}},"9":{"start":{"line":22,"column":2},"end":{"line":22,"column":null}},"10":{"start":{"line":26,"column":16},"end":{"line":26,"column":83}},"11":{"start":{"line":26,"column":60},"end":{"line":26,"column":82}},"12":{"start":{"line":27,"column":2},"end":{"line":30,"column":null}},"13":{"start":{"line":28,"column":3},"end":{"line":28,"column":null}},"14":{"start":{"line":29,"column":3},"end":{"line":29,"column":null}},"15":{"start":{"line":31,"column":2},"end":{"line":31,"column":null}},"16":{"start":{"line":35,"column":2},"end":{"line":35,"column":null}},"17":{"start":{"line":35,"column":48},"end":{"line":35,"column":70}},"18":{"start":{"line":39,"column":0},"end":{"line":39,"column":null}}},"fnMap":{"0":{"name":"(anonymous_0)","decl":{"start":{"line":7,"column":1},"end":{"line":7,"column":20}},"loc":{"start":{"line":7,"column":39},"end":{"line":9,"column":2}}},"1":{"name":"(anonymous_1)","decl":{"start":{"line":11,"column":8},"end":{"line":11,"column":13}},"loc":{"start":{"line":11,"column":31},"end":{"line":14,"column":2}}},"2":{"name":"(anonymous_2)","decl":{"start":{"line":16,"column":8},"end":{"line":16,"column":13}},"loc":{"start":{"line":16,"column":34},"end":{"line":23,"column":2}}},"3":{"name":"(anonymous_3)","decl":{"start":{"line":17,"column":47},"end":{"line":17,"column":48}},"loc":{"start":{"line":17,"column":60},"end":{"line":17,"column":83}}},"4":{"name":"(anonymous_4)","decl":{"start":{"line":25,"column":8},"end":{"line":25,"column":13}},"loc":{"start":{"line":25,"column":36},"end":{"line":32,"column":2}}},"5":{"name":"(anonymous_5)","decl":{"start":{"line":26,"column":47},"end":{"line":26,"column":48}},"loc":{"start":{"line":26,"column":60},"end":{"line":26,"column":82}}},"6":{"name":"(anonymous_6)","decl":{"start":{"line":34,"column":8},"end":{"line":34,"column":13}},"loc":{"start":{"line":34,"column":37},"end":{"line":36,"column":2}}},"7":{"name":"(anonymous_7)","decl":{"start":{"line":35,"column":35},"end":{"line":35,"column":36}},"loc":{"start":{"line":35,"column":48},"end":{"line":35,"column":70}}}},"branchMap":{"0":{"loc":{"start":{"line":18,"column":2},"end":{"line":21,"column":null}},"type":"if","locations":[{"start":{"line":18,"column":2},"end":{"line":21,"column":null}}]},"1":{"loc":{"start":{"line":27,"column":2},"end":{"line":30,"column":null}},"type":"if","locations":[{"start":{"line":27,"column":2},"end":{"line":30,"column":null}}]}},"s":{"0":1,"1":1,"2":4,"3":4,"4":1,"5":2,"6":1,"7":1,"8":1,"9":0,"10":1,"11":3,"12":1,"13":1,"14":1,"15":0,"16":3,"17":6,"18":1},"f":{"0":1,"1":4,"2":1,"3":2,"4":1,"5":3,"6":3,"7":6},"b":{"0":[1],"1":[1]}}
,"/home/julian/code/clean-architecture-node/src/frameworks/repositories/inMemory/products.repo.ts": {"path":"/home/julian/code/clean-architecture-node/src/frameworks/repositories/inMemory/products.repo.ts","statementMap":{"0":{"start":{"line":2,"column":0},"end":{"line":2,"column":77}},"1":{"start":{"line":8,"column":2},"end":{"line":8,"column":null}},"2":{"start":{"line":12,"column":2},"end":{"line":12,"column":null}},"3":{"start":{"line":13,"column":2},"end":{"line":13,"column":null}},"4":{"start":{"line":17,"column":16},"end":{"line":17,"column":92}},"5":{"start":{"line":17,"column":64},"end":{"line":17,"column":91}},"6":{"start":{"line":18,"column":2},"end":{"line":21,"column":null}},"7":{"start":{"line":19,"column":3},"end":{"line":19,"column":null}},"8":{"start":{"line":20,"column":3},"end":{"line":20,"column":null}},"9":{"start":{"line":22,"column":2},"end":{"line":22,"column":null}},"10":{"start":{"line":26,"column":16},"end":{"line":26,"column":91}},"11":{"start":{"line":26,"column":64},"end":{"line":26,"column":90}},"12":{"start":{"line":28,"column":2},"end":{"line":31,"column":null}},"13":{"start":{"line":29,"column":3},"end":{"line":29,"column":43}},"14":{"start":{"line":30,"column":3},"end":{"line":30,"column":null}},"15":{"start":{"line":32,"column":2},"end":{"line":32,"column":null}},"16":{"start":{"line":36,"column":2},"end":{"line":36,"column":null}},"17":{"start":{"line":36,"column":52},"end":{"line":36,"column":78}},"18":{"start":{"line":40,"column":0},"end":{"line":40,"column":null}}},"fnMap":{"0":{"name":"(anonymous_0)","decl":{"start":{"line":7,"column":1},"end":{"line":7,"column":20}},"loc":{"start":{"line":7,"column":39},"end":{"line":9,"column":2}}},"1":{"name":"(anonymous_1)","decl":{"start":{"line":11,"column":1},"end":{"line":11,"column":6}},"loc":{"start":{"line":11,"column":28},"end":{"line":14,"column":2}}},"2":{"name":"(anonymous_2)","decl":{"start":{"line":16,"column":1},"end":{"line":16,"column":6}},"loc":{"start":{"line":16,"column":31},"end":{"line":23,"column":2}}},"3":{"name":"(anonymous_3)","decl":{"start":{"line":17,"column":49},"end":{"line":17,"column":50}},"loc":{"start":{"line":17,"column":64},"end":{"line":17,"column":91}}},"4":{"name":"(anonymous_4)","decl":{"start":{"line":25,"column":1},"end":{"line":25,"column":6}},"loc":{"start":{"line":25,"column":31},"end":{"line":33,"column":2}}},"5":{"name":"(anonymous_5)","decl":{"start":{"line":26,"column":49},"end":{"line":26,"column":50}},"loc":{"start":{"line":26,"column":64},"end":{"line":26,"column":90}}},"6":{"name":"(anonymous_6)","decl":{"start":{"line":35,"column":1},"end":{"line":35,"column":6}},"loc":{"start":{"line":35,"column":32},"end":{"line":37,"column":2}}},"7":{"name":"(anonymous_7)","decl":{"start":{"line":36,"column":37},"end":{"line":36,"column":38}},"loc":{"start":{"line":36,"column":52},"end":{"line":36,"column":78}}}},"branchMap":{"0":{"loc":{"start":{"line":18,"column":2},"end":{"line":21,"column":null}},"type":"if","locations":[{"start":{"line":18,"column":2},"end":{"line":21,"column":null}}]},"1":{"loc":{"start":{"line":28,"column":2},"end":{"line":31,"column":null}},"type":"if","locations":[{"start":{"line":28,"column":2},"end":{"line":31,"column":null}}]}},"s":{"0":1,"1":1,"2":4,"3":4,"4":1,"5":2,"6":1,"7":1,"8":1,"9":0,"10":1,"11":3,"12":1,"13":1,"14":1,"15":0,"16":3,"17":6,"18":1},"f":{"0":1,"1":4,"2":1,"3":2,"4":1,"5":3,"6":3,"7":6},"b":{"0":[1],"1":[1]}}
,"/home/julian/code/clean-architecture-node/src/frameworks/repositories/inMemory/users.repo.ts": {"path":"/home/julian/code/clean-architecture-node/src/frameworks/repositories/inMemory/users.repo.ts","statementMap":{"0":{"start":{"line":2,"column":0},"end":{"line":2,"column":61}},"1":{"start":{"line":9,"column":2},"end":{"line":9,"column":null}},"2":{"start":{"line":13,"column":2},"end":{"line":13,"column":null}},"3":{"start":{"line":14,"column":2},"end":{"line":14,"column":null}},"4":{"start":{"line":18,"column":16},"end":{"line":18,"column":80}},"5":{"start":{"line":18,"column":58},"end":{"line":18,"column":79}},"6":{"start":{"line":19,"column":2},"end":{"line":22,"column":null}},"7":{"start":{"line":20,"column":3},"end":{"line":20,"column":null}},"8":{"start":{"line":21,"column":3},"end":{"line":21,"column":null}},"9":{"start":{"line":23,"column":2},"end":{"line":23,"column":null}},"10":{"start":{"line":27,"column":16},"end":{"line":27,"column":79}},"11":{"start":{"line":27,"column":58},"end":{"line":27,"column":78}},"12":{"start":{"line":29,"column":2},"end":{"line":32,"column":null}},"13":{"start":{"line":30,"column":3},"end":{"line":30,"column":40}},"14":{"start":{"line":31,"column":3},"end":{"line":31,"column":null}},"15":{"start":{"line":33,"column":2},"end":{"line":33,"column":null}},"16":{"start":{"line":37,"column":2},"end":{"line":37,"column":null}},"17":{"start":{"line":37,"column":46},"end":{"line":37,"column":66}},"18":{"start":{"line":41,"column":0},"end":{"line":41,"column":null}}},"fnMap":{"0":{"name":"(anonymous_0)","decl":{"start":{"line":8,"column":1},"end":{"line":8,"column":13}},"loc":{"start":{"line":8,"column":32},"end":{"line":10,"column":2}}},"1":{"name":"(anonymous_1)","decl":{"start":{"line":12,"column":1},"end":{"line":12,"column":6}},"loc":{"start":{"line":12,"column":21},"end":{"line":15,"column":2}}},"2":{"name":"(anonymous_2)","decl":{"start":{"line":17,"column":1},"end":{"line":17,"column":6}},"loc":{"start":{"line":17,"column":24},"end":{"line":24,"column":2}}},"3":{"name":"(anonymous_3)","decl":{"start":{"line":18,"column":46},"end":{"line":18,"column":47}},"loc":{"start":{"line":18,"column":58},"end":{"line":18,"column":79}}},"4":{"name":"(anonymous_4)","decl":{"start":{"line":26,"column":1},"end":{"line":26,"column":6}},"loc":{"start":{"line":26,"column":28},"end":{"line":34,"column":2}}},"5":{"name":"(anonymous_5)","decl":{"start":{"line":27,"column":46},"end":{"line":27,"column":47}},"loc":{"start":{"line":27,"column":58},"end":{"line":27,"column":78}}},"6":{"name":"(anonymous_6)","decl":{"start":{"line":36,"column":1},"end":{"line":36,"column":6}},"loc":{"start":{"line":36,"column":29},"end":{"line":38,"column":2}}},"7":{"name":"(anonymous_7)","decl":{"start":{"line":37,"column":34},"end":{"line":37,"column":35}},"loc":{"start":{"line":37,"column":46},"end":{"line":37,"column":66}}}},"branchMap":{"0":{"loc":{"start":{"line":19,"column":2},"end":{"line":22,"column":null}},"type":"if","locations":[{"start":{"line":19,"column":2},"end":{"line":22,"column":null}}]},"1":{"loc":{"start":{"line":29,"column":2},"end":{"line":32,"column":null}},"type":"if","locations":[{"start":{"line":29,"column":2},"end":{"line":32,"column":null}}]}},"s":{"0":1,"1":1,"2":4,"3":4,"4":1,"5":2,"6":1,"7":1,"8":1,"9":0,"10":1,"11":3,"12":1,"13":1,"14":1,"15":0,"16":4,"17":9,"18":1},"f":{"0":1,"1":4,"2":1,"3":2,"4":1,"5":3,"6":4,"7":9},"b":{"0":[1],"1":[1]}}
}
