TN:
SF:src/entities/User.ts
FN:11,(anonymous_0)
FN:27,(anonymous_1)
FN:40,(anonymous_2)
FN:44,(anonymous_3)
FN:48,(anonymous_4)
FN:52,(anonymous_5)
FN:56,(anonymous_6)
FN:60,(anonymous_7)
FN:64,(anonymous_8)
FN:68,(anonymous_9)
FN:72,(anonymous_10)
FN:76,(anonymous_11)
FN:80,(anonymous_12)
FN:85,(anonymous_13)
FNF:14
FNH:1
FNDA:0,(anonymous_0)
FNDA:0,(anonymous_1)
FNDA:0,(anonymous_2)
FNDA:0,(anonymous_3)
FNDA:0,(anonymous_4)
FNDA:0,(anonymous_5)
FNDA:0,(anonymous_6)
FNDA:0,(anonymous_7)
FNDA:0,(anonymous_8)
FNDA:0,(anonymous_9)
FNDA:0,(anonymous_10)
FNDA:0,(anonymous_11)
FNDA:0,(anonymous_12)
FNDA:1,(anonymous_13)
DA:1,1
DA:3,1
DA:19,0
DA:20,0
DA:21,0
DA:22,0
DA:23,0
DA:24,0
DA:28,0
DA:29,0
DA:31,0
DA:32,0
DA:34,0
DA:35,0
DA:37,0
DA:41,0
DA:45,0
DA:49,0
DA:53,0
DA:57,0
DA:61,0
DA:65,0
DA:69,0
DA:73,0
DA:77,0
DA:81,0
DA:85,1
DA:86,1
DA:87,1
DA:88,1
LF:30
LH:6
BRDA:13,0,0,0
BRDA:14,1,0,0
BRDA:15,2,0,0
BRDA:17,3,0,0
BRDA:19,4,0,0
BRDA:19,4,1,0
BRDA:28,5,0,0
BRDA:28,6,0,0
BRDA:28,6,1,0
BRDA:31,7,0,0
BRDA:34,8,0,0
BRDA:65,9,0,0
BRDA:65,9,1,0
BRDA:69,10,0,0
BRDA:69,10,1,0
BRDA:85,11,0,1
BRDA:85,11,1,1
BRF:17
BRH:2
end_of_record
TN:
SF:src/frameworks/database/inMemory.ts
FN:16,(anonymous_0)
FNF:1
FNH:1
FNDA:3,(anonymous_0)
DA:17,3
DA:18,3
DA:19,3
DA:23,3
LF:4
LH:4
BRDA:16,0,0,3
BRDA:16,1,0,3
BRDA:16,2,0,3
BRF:3
BRH:3
end_of_record
TN:
SF:src/frameworks/repositories/inMemory/orders.repo.ts
FN:7,(anonymous_0)
FN:11,(anonymous_1)
FN:16,(anonymous_2)
FN:17,(anonymous_3)
FN:25,(anonymous_4)
FN:26,(anonymous_5)
FN:34,(anonymous_6)
FN:35,(anonymous_7)
FNF:8
FNH:8
FNDA:1,(anonymous_0)
FNDA:4,(anonymous_1)
FNDA:1,(anonymous_2)
FNDA:2,(anonymous_3)
FNDA:1,(anonymous_4)
FNDA:3,(anonymous_5)
FNDA:3,(anonymous_6)
FNDA:6,(anonymous_7)
DA:2,1
DA:8,1
DA:12,4
DA:13,4
DA:17,2
DA:18,1
DA:19,1
DA:20,1
DA:22,0
DA:26,3
DA:27,1
DA:28,1
DA:29,1
DA:31,0
DA:35,6
DA:39,1
LF:16
LH:14
BRDA:18,0,0,1
BRDA:27,1,0,1
BRF:2
BRH:2
end_of_record
TN:
SF:src/frameworks/repositories/inMemory/products.repo.ts
FN:7,(anonymous_0)
FN:11,(anonymous_1)
FN:16,(anonymous_2)
FN:17,(anonymous_3)
FN:25,(anonymous_4)
FN:26,(anonymous_5)
FN:35,(anonymous_6)
FN:36,(anonymous_7)
FNF:8
FNH:8
FNDA:1,(anonymous_0)
FNDA:4,(anonymous_1)
FNDA:1,(anonymous_2)
FNDA:2,(anonymous_3)
FNDA:1,(anonymous_4)
FNDA:3,(anonymous_5)
FNDA:3,(anonymous_6)
FNDA:6,(anonymous_7)
DA:2,1
DA:8,1
DA:12,4
DA:13,4
DA:17,2
DA:18,1
DA:19,1
DA:20,1
DA:22,0
DA:26,3
DA:28,1
DA:29,1
DA:30,1
DA:32,0
DA:36,6
DA:40,1
LF:16
LH:14
BRDA:18,0,0,1
BRDA:28,1,0,1
BRF:2
BRH:2
end_of_record
TN:
SF:src/frameworks/repositories/inMemory/users.repo.ts
FN:8,(anonymous_0)
FN:12,(anonymous_1)
FN:17,(anonymous_2)
FN:18,(anonymous_3)
FN:26,(anonymous_4)
FN:27,(anonymous_5)
FN:36,(anonymous_6)
FN:37,(anonymous_7)
FNF:8
FNH:8
FNDA:1,(anonymous_0)
FNDA:4,(anonymous_1)
FNDA:1,(anonymous_2)
FNDA:2,(anonymous_3)
FNDA:1,(anonymous_4)
FNDA:3,(anonymous_5)
FNDA:4,(anonymous_6)
FNDA:9,(anonymous_7)
DA:2,1
DA:9,1
DA:13,4
DA:14,4
DA:18,2
DA:19,1
DA:20,1
DA:21,1
DA:23,0
DA:27,3
DA:29,1
DA:30,1
DA:31,1
DA:33,0
DA:37,9
DA:41,1
LF:16
LH:14
BRDA:19,0,0,1
BRDA:29,1,0,1
BRF:2
BRH:2
end_of_record
