TN:
SF:src/entities/Order.ts
FN:10,(anonymous_0)
FN:18,(anonymous_1)
FN:28,(anonymous_2)
FN:32,(anonymous_3)
FN:36,(anonymous_4)
FN:40,(anonymous_5)
FN:44,(anonymous_6)
FN:48,(anonymous_7)
FN:52,(anonymous_8)
FN:56,(anonymous_9)
FN:60,(anonymous_10)
FNF:11
FNH:2
FNDA:1,(anonymous_0)
FNDA:1,(anonymous_1)
FNDA:0,(anonymous_2)
FNDA:0,(anonymous_3)
FNDA:0,(anonymous_4)
FNDA:0,(anonymous_5)
FNDA:0,(anonymous_6)
FNDA:0,(anonymous_7)
FNDA:0,(anonymous_8)
FNDA:0,(anonymous_9)
FNDA:0,(anonymous_10)
DA:1,1
DA:3,1
DA:11,1
DA:12,1
DA:13,1
DA:14,1
DA:15,1
DA:19,1
DA:29,0
DA:33,0
DA:37,0
DA:41,0
DA:45,0
DA:49,0
DA:53,0
DA:57,0
DA:61,0
LF:17
LH:8
BRDA:10,0,0,0
BRDA:10,1,0,0
BRDA:10,2,0,0
BRF:3
BRH:0
end_of_record
TN:
SF:src/entities/Product.ts
FN:12,(anonymous_0)
FN:30,(anonymous_1)
FN:43,(anonymous_2)
FN:47,(anonymous_3)
FN:51,(anonymous_4)
FN:55,(anonymous_5)
FN:59,(anonymous_6)
FN:63,(anonymous_7)
FN:70,(anonymous_8)
FN:77,(anonymous_9)
FN:81,(anonymous_10)
FN:85,(anonymous_11)
FN:92,(anonymous_12)
FN:96,(anonymous_13)
FN:103,(anonymous_14)
FN:107,(anonymous_15)
FNF:16
FNH:2
FNDA:1,(anonymous_0)
FNDA:1,(anonymous_1)
FNDA:0,(anonymous_2)
FNDA:0,(anonymous_3)
FNDA:0,(anonymous_4)
FNDA:0,(anonymous_5)
FNDA:0,(anonymous_6)
FNDA:0,(anonymous_7)
FNDA:0,(anonymous_8)
FNDA:0,(anonymous_9)
FNDA:0,(anonymous_10)
FNDA:0,(anonymous_11)
FNDA:0,(anonymous_12)
FNDA:0,(anonymous_13)
FNDA:0,(anonymous_14)
FNDA:0,(anonymous_15)
DA:1,1
DA:3,1
DA:21,1
DA:22,1
DA:23,1
DA:24,1
DA:25,1
DA:26,1
DA:27,1
DA:31,1
DA:44,0
DA:48,0
DA:52,0
DA:56,0
DA:60,0
DA:64,0
DA:65,0
DA:67,0
DA:71,0
DA:72,0
DA:74,0
DA:78,0
DA:82,0
DA:86,0
DA:87,0
DA:89,0
DA:93,0
DA:97,0
DA:98,0
DA:100,0
DA:104,0
DA:108,0
DA:109,0
DA:111,0
LF:34
LH:10
BRDA:13,0,0,0
BRDA:15,1,0,1
BRDA:16,2,0,1
BRDA:19,3,0,1
BRDA:51,4,0,0
BRDA:59,5,0,0
BRDA:64,6,0,0
BRDA:64,7,0,0
BRDA:64,7,1,0
BRDA:71,8,0,0
BRDA:78,9,0,0
BRDA:78,9,1,0
BRDA:86,10,0,0
BRDA:97,11,0,0
BRDA:108,12,0,0
BRDA:108,13,0,0
BRDA:108,13,1,0
BRF:17
BRH:3
end_of_record
TN:
SF:src/entities/User.ts
FN:11,(anonymous_0)
FN:27,(anonymous_1)
FN:38,(anonymous_2)
FN:56,(anonymous_3)
FN:60,(anonymous_4)
FN:64,(anonymous_5)
FN:68,(anonymous_6)
FN:72,(anonymous_7)
FN:76,(anonymous_8)
FN:80,(anonymous_9)
FN:84,(anonymous_10)
FN:88,(anonymous_11)
FN:92,(anonymous_12)
FN:96,(anonymous_13)
FN:101,(anonymous_14)
FNF:15
FNH:3
FNDA:2,(anonymous_0)
FNDA:2,(anonymous_1)
FNDA:0,(anonymous_2)
FNDA:0,(anonymous_3)
FNDA:0,(anonymous_4)
FNDA:0,(anonymous_5)
FNDA:0,(anonymous_6)
FNDA:0,(anonymous_7)
FNDA:0,(anonymous_8)
FNDA:0,(anonymous_9)
FNDA:0,(anonymous_10)
FNDA:0,(anonymous_11)
FNDA:0,(anonymous_12)
FNDA:0,(anonymous_13)
FNDA:2,(anonymous_14)
DA:1,2
DA:3,2
DA:19,2
DA:20,2
DA:21,2
DA:22,2
DA:23,2
DA:24,2
DA:28,2
DA:39,0
DA:45,0
DA:47,0
DA:48,0
DA:50,0
DA:51,0
DA:53,0
DA:57,0
DA:61,0
DA:65,0
DA:69,0
DA:73,0
DA:77,0
DA:81,0
DA:85,0
DA:89,0
DA:93,0
DA:97,0
DA:101,2
DA:102,2
DA:103,2
DA:104,2
LF:31
LH:13
BRDA:12,0,0,1
BRDA:13,1,0,1
BRDA:14,2,0,1
BRDA:15,3,0,1
BRDA:17,4,0,1
BRDA:39,5,0,0
BRDA:40,6,0,0
BRDA:40,6,1,0
BRDA:40,6,2,0
BRDA:40,6,3,0
BRDA:47,7,0,0
BRDA:47,8,0,0
BRDA:47,8,1,0
BRDA:50,9,0,0
BRDA:50,10,0,0
BRDA:50,10,1,0
BRDA:81,11,0,0
BRDA:81,11,1,0
BRDA:85,12,0,0
BRDA:85,12,1,0
BRDA:101,13,0,2
BRDA:101,13,1,2
BRF:22
BRH:7
end_of_record
TN:
SF:src/frameworks/database/inMemory.ts
FN:16,(anonymous_0)
FNF:1
FNH:1
FNDA:3,(anonymous_0)
DA:17,3
DA:18,3
DA:19,3
DA:23,3
LF:4
LH:4
BRDA:16,0,0,3
BRDA:16,1,0,3
BRDA:16,2,0,3
BRF:3
BRH:3
end_of_record
TN:
SF:src/frameworks/repositories/inMemory/orders.repo.ts
FN:7,(anonymous_0)
FN:11,(anonymous_1)
FN:16,(anonymous_2)
FN:17,(anonymous_3)
FN:25,(anonymous_4)
FN:26,(anonymous_5)
FN:34,(anonymous_6)
FN:35,(anonymous_7)
FNF:8
FNH:8
FNDA:1,(anonymous_0)
FNDA:4,(anonymous_1)
FNDA:1,(anonymous_2)
FNDA:2,(anonymous_3)
FNDA:1,(anonymous_4)
FNDA:3,(anonymous_5)
FNDA:3,(anonymous_6)
FNDA:6,(anonymous_7)
DA:2,1
DA:8,1
DA:12,4
DA:13,4
DA:17,2
DA:18,1
DA:19,1
DA:20,1
DA:22,0
DA:26,3
DA:27,1
DA:28,1
DA:29,1
DA:31,0
DA:35,6
DA:39,1
LF:16
LH:14
BRDA:18,0,0,1
BRDA:27,1,0,1
BRF:2
BRH:2
end_of_record
TN:
SF:src/frameworks/repositories/inMemory/products.repo.ts
FN:7,(anonymous_0)
FN:11,(anonymous_1)
FN:16,(anonymous_2)
FN:17,(anonymous_3)
FN:25,(anonymous_4)
FN:26,(anonymous_5)
FN:35,(anonymous_6)
FN:36,(anonymous_7)
FNF:8
FNH:8
FNDA:1,(anonymous_0)
FNDA:4,(anonymous_1)
FNDA:1,(anonymous_2)
FNDA:2,(anonymous_3)
FNDA:1,(anonymous_4)
FNDA:3,(anonymous_5)
FNDA:3,(anonymous_6)
FNDA:6,(anonymous_7)
DA:2,1
DA:4,1
DA:8,1
DA:12,4
DA:13,4
DA:17,2
DA:18,1
DA:19,1
DA:20,1
DA:22,0
DA:26,3
DA:28,1
DA:29,1
DA:30,1
DA:32,0
DA:36,6
DA:40,1
LF:17
LH:15
BRDA:18,0,0,1
BRDA:28,1,0,1
BRF:2
BRH:2
end_of_record
TN:
SF:src/frameworks/repositories/inMemory/users.repo.ts
FN:8,(anonymous_0)
FN:12,(anonymous_1)
FN:17,(anonymous_2)
FN:18,(anonymous_3)
FN:26,(anonymous_4)
FN:27,(anonymous_5)
FN:36,(anonymous_6)
FN:37,(anonymous_7)
FNF:8
FNH:8
FNDA:1,(anonymous_0)
FNDA:4,(anonymous_1)
FNDA:1,(anonymous_2)
FNDA:2,(anonymous_3)
FNDA:1,(anonymous_4)
FNDA:3,(anonymous_5)
FNDA:4,(anonymous_6)
FNDA:9,(anonymous_7)
DA:2,1
DA:9,1
DA:13,4
DA:14,4
DA:18,2
DA:19,1
DA:20,1
DA:21,1
DA:23,0
DA:27,3
DA:29,1
DA:30,1
DA:31,1
DA:33,0
DA:37,9
DA:41,1
LF:16
LH:14
BRDA:19,0,0,1
BRDA:29,1,0,1
BRF:2
BRH:2
end_of_record
TN:
SF:src/useCases/orders/addOrder.useCase.ts
FN:7,(anonymous_0)
FN:15,(anonymous_1)
FNF:2
FNH:2
FNDA:4,(anonymous_0)
FNDA:4,(anonymous_1)
DA:4,1
DA:8,4
DA:9,0
DA:12,4
DA:16,4
DA:17,0
DA:19,4
DA:20,4
LF:8
LH:6
BRDA:8,0,0,0
BRDA:16,1,0,0
BRF:2
BRH:0
end_of_record
TN:
SF:src/useCases/orders/deleteOrder.useCase.ts
FN:7,(anonymous_0)
FN:15,(anonymous_1)
FNF:2
FNH:2
FNDA:1,(anonymous_0)
FNDA:1,(anonymous_1)
DA:4,1
DA:8,1
DA:9,0
DA:12,1
DA:16,1
DA:17,0
DA:19,1
DA:20,1
LF:8
LH:6
BRDA:8,0,0,0
BRDA:16,1,0,0
BRF:2
BRH:0
end_of_record
TN:
SF:src/useCases/orders/getOrderById.useCase.ts
FN:7,(anonymous_0)
FN:15,(anonymous_1)
FNF:2
FNH:2
FNDA:1,(anonymous_0)
FNDA:1,(anonymous_1)
DA:4,1
DA:8,1
DA:9,0
DA:12,1
DA:16,1
DA:17,0
DA:19,1
DA:20,1
LF:8
LH:6
BRDA:8,0,0,0
BRDA:16,1,0,0
BRF:2
BRH:0
end_of_record
TN:
SF:src/useCases/orders/updateOrder.useCase.ts
FN:7,(anonymous_0)
FN:15,(anonymous_1)
FNF:2
FNH:2
FNDA:1,(anonymous_0)
FNDA:1,(anonymous_1)
DA:4,1
DA:8,1
DA:9,0
DA:12,1
DA:16,1
DA:17,0
DA:20,1
DA:21,1
LF:8
LH:6
BRDA:8,0,0,0
BRDA:16,1,0,0
BRF:2
BRH:0
end_of_record
TN:
SF:src/useCases/products/addProduct.useCase.ts
FN:7,(anonymous_0)
FN:15,(anonymous_1)
FNF:2
FNH:2
FNDA:4,(anonymous_0)
FNDA:4,(anonymous_1)
DA:4,1
DA:8,4
DA:9,0
DA:12,4
DA:16,4
DA:17,0
DA:20,4
DA:21,4
LF:8
LH:6
BRDA:8,0,0,0
BRDA:16,1,0,0
BRF:2
BRH:0
end_of_record
TN:
SF:src/useCases/products/deleteProduct.useCase.ts
FN:7,(anonymous_0)
FN:15,(anonymous_1)
FNF:2
FNH:2
FNDA:1,(anonymous_0)
FNDA:1,(anonymous_1)
DA:4,1
DA:8,1
DA:9,0
DA:12,1
DA:16,1
DA:17,0
DA:20,1
DA:21,1
LF:8
LH:6
BRDA:8,0,0,0
BRDA:16,1,0,0
BRF:2
BRH:0
end_of_record
TN:
SF:src/useCases/products/getProductById.useCase.ts
FN:7,(anonymous_0)
FN:15,(anonymous_1)
FNF:2
FNH:2
FNDA:1,(anonymous_0)
FNDA:1,(anonymous_1)
DA:4,1
DA:8,1
DA:9,0
DA:12,1
DA:16,1
DA:17,0
DA:20,1
DA:21,1
LF:8
LH:6
BRDA:8,0,0,0
BRDA:16,1,0,0
BRF:2
BRH:0
end_of_record
TN:
SF:src/useCases/products/updateProduct.useCase.ts
FN:7,(anonymous_0)
FN:15,(anonymous_1)
FNF:2
FNH:2
FNDA:1,(anonymous_0)
FNDA:1,(anonymous_1)
DA:4,1
DA:8,1
DA:9,0
DA:12,1
DA:16,1
DA:17,0
DA:20,1
DA:21,1
LF:8
LH:6
BRDA:8,0,0,0
BRDA:16,1,0,0
BRF:2
BRH:0
end_of_record
TN:
SF:src/useCases/users/addUser.useCase.ts
FN:7,(anonymous_0)
FN:15,(anonymous_1)
FNF:2
FNH:2
FNDA:1,(anonymous_0)
FNDA:1,(anonymous_1)
DA:1,1
DA:4,1
DA:8,1
DA:9,0
DA:12,1
DA:17,1
DA:18,0
DA:22,1
DA:23,1
DA:24,1
LF:10
LH:8
BRDA:8,0,0,0
BRDA:17,1,0,0
BRF:2
BRH:0
end_of_record
TN:
SF:src/useCases/users/deleteUser.useCase.ts
FN:6,(anonymous_0)
FN:10,(anonymous_1)
FNF:2
FNH:2
FNDA:1,(anonymous_0)
FNDA:1,(anonymous_1)
DA:3,1
DA:7,1
DA:11,1
DA:13,1
LF:4
LH:4
BRF:0
BRH:0
end_of_record
TN:
SF:src/useCases/users/getUserById.useCase.ts
FN:7,(anonymous_0)
FN:15,(anonymous_1)
FNF:2
FNH:2
FNDA:1,(anonymous_0)
FNDA:1,(anonymous_1)
DA:4,1
DA:8,1
DA:9,0
DA:12,1
DA:17,1
DA:18,0
DA:22,1
DA:23,1
LF:8
LH:6
BRDA:8,0,0,0
BRDA:17,1,0,0
BRF:2
BRH:0
end_of_record
TN:
SF:src/useCases/users/updateUser.useCase.ts
FN:7,(anonymous_0)
FN:11,(anonymous_1)
FNF:2
FNH:2
FNDA:1,(anonymous_0)
FNDA:1,(anonymous_1)
DA:4,1
DA:8,1
DA:12,1
DA:14,1
LF:4
LH:4
BRF:0
BRH:0
end_of_record
